<?xml version="1.0" encoding="UTF-8"?>
<!-- Generated by org.testng.reporters.JUnitXMLReporter -->
<testsuite hostname="NIRANJAN" ignored="0" name="Test" tests="2" failures="1" timestamp="28 Jun 2019 09:33:03 GMT" time="119.866" errors="0">
  <testcase name="login" time="29.409" classname="com.facebook.test.LoginPage1">
    <failure type="java.lang.AssertionError" message="expected [Facebook] but found [(12) Facebook]">
      <![CDATA[java.lang.AssertionError: expected [Facebook] but found [(12) Facebook]
at com.facebook.Script.BaseScript.verifyTitle(BaseScript.java:17)
at com.facebook.test.LoginPage1.login(LoginPage1.java:18)
... Removed 31 stack frames]]>
    </failure>
  </testcase> <!-- login -->
  <testcase name="logOut" time="47.067" classname="com.facebook.test.LogOut"/>
</testsuite> <!-- Test -->
